<?xml version="1.0" encoding="UTF-8"?>
<testsuite name="ru.hse.lmsteam.backend.app.LmsBackendTests" tests="1" skipped="0" failures="0" errors="0" timestamp="2024-02-22T17:48:46" hostname="germandilios-Mac-mini.local" time="0.438">
  <properties/>
  <testcase name="contextLoads()" classname="ru.hse.lmsteam.backend.app.LmsBackendTests" time="0.438"/>
  <system-out><![CDATA[20:48:46.566 [Test worker] INFO org.springframework.test.context.support.AnnotationConfigContextLoaderUtils -- Could not detect default configuration classes for test class [ru.hse.lmsteam.backend.app.LmsBackendTests]: LmsBackendTests does not declare any static, non-private, non-final, nested classes annotated with @Configuration.
20:48:46.609 [Test worker] INFO org.springframework.boot.test.context.SpringBootTestContextBootstrapper -- Found @SpringBootConfiguration ru.hse.lmsteam.backend.app.LmsBackendTests for test class ru.hse.lmsteam.backend.app.LmsBackendTests

  .   ____          _            __ _ _
 /\\ / ___'_ __ _ _(_)_ __  __ _ \ \ \ \
( ( )\___ | '_ | '_| | '_ \/ _` | \ \ \ \
 \\/  ___)| |_)| | | | | || (_| |  ) ) ) )
  '  |____| .__|_| |_|_| |_\__, | / / / /
 =========|_|==============|___/=/_/_/_/
 :: Spring Boot ::                (v3.2.2)

2024-02-22T20:48:46.772+03:00  INFO 4455 --- [    Test worker] r.h.lmsteam.backend.app.LmsBackendTests  : Starting LmsBackendTests using Java 21.0.2 with PID 4455 (started by germandilio in /Users/germandilio/IdeaProjects/lms-entrepreneurship-school-backend/app)
2024-02-22T20:48:46.773+03:00  INFO 4455 --- [    Test worker] r.h.lmsteam.backend.app.LmsBackendTests  : No active profile set, falling back to 1 default profile: "default"
2024-02-22T20:48:46.840+03:00  INFO 4455 --- [    Test worker] r.h.lmsteam.backend.app.LmsBackendTests  : Started LmsBackendTests in 0.162 seconds (process running for 0.742)
]]></system-out>
  <system-err><![CDATA[WARNING: A Java agent has been loaded dynamically (/Users/germandilio/.gradle/caches/modules-2/files-2.1/net.bytebuddy/byte-buddy-agent/1.14.11/f9cb566608fbac6bc7bf54901a7aa11543a989ee/byte-buddy-agent-1.14.11.jar)
WARNING: If a serviceability tool is in use, please run with -XX:+EnableDynamicAgentLoading to hide this warning
WARNING: If a serviceability tool is not in use, please run with -Djdk.instrument.traceUsage for more information
WARNING: Dynamic loading of agents will be disallowed by default in a future release
]]></system-err>
</testsuite>
